<?xml version="1.0" encoding="UTF-8"?>
<testng-results ignored="4" total="5" passed="1" failed="0" skipped="0">
  <reporter-output>
  </reporter-output>
  <suite started-at="2023-02-14T10:00:15 PST" name="Default suite" finished-at="2023-02-14T10:01:01 PST" duration-ms="45647">
    <groups>
    </groups>
    <test started-at="2023-02-14T10:00:15 PST" name="Default test" finished-at="2023-02-14T10:01:01 PST" duration-ms="45647">
      <class name="Random_TC33_37.RandomTestCases">
        <test-method is-config="true" signature="login()[pri:0, instance:Random_TC33_37.RandomTestCases@2accdbb5]" started-at="2023-02-14T10:00:15 PST" name="login" finished-at="2023-02-14T10:00:22 PST" duration-ms="7084" status="PASS">
          <reporter-output>
          </reporter-output>
        </test-method> <!-- login -->
        <test-method signature="TC37()[pri:0, instance:Random_TC33_37.RandomTestCases@2accdbb5]" started-at="2023-02-14T10:00:22 PST" name="TC37" finished-at="2023-02-14T10:01:01 PST" duration-ms="38344" status="PASS">
          <reporter-output>
          </reporter-output>
        </test-method> <!-- TC37 -->
        <test-method is-config="true" signature="close()[pri:0, instance:Random_TC33_37.RandomTestCases@2accdbb5]" started-at="2023-02-14T10:01:01 PST" name="close" finished-at="2023-02-14T10:01:01 PST" duration-ms="189" status="PASS">
          <reporter-output>
          </reporter-output>
        </test-method> <!-- close -->
      </class> <!-- Random_TC33_37.RandomTestCases -->
    </test> <!-- Default test -->
  </suite> <!-- Default suite -->
</testng-results>
