<?xml version="1.0" encoding="UTF-8"?>
<!-- Generated by org.testng.reporters.JUnitXMLReporter -->
<testsuite ignored="4" hostname="L-SFH79FJG5J-M" failures="0" tests="1" name="Default test" time="45.647" errors="0" timestamp="2023-02-14T10:01:01 PST">
  <testcase classname="Random_TC33_37.RandomTestCases" name="TC37" time="38.344"/>
  <testcase classname="Random_TC33_37.RandomTestCases" name="verifyEditedLastname_TC34" time="0.0">
    <ignored/>
  </testcase> <!-- verifyEditedLastname_TC34 -->
  <testcase classname="Random_TC33_37.RandomTestCases" name="tabCustom_TC35" time="0.0">
    <ignored/>
  </testcase> <!-- tabCustom_TC35 -->
  <testcase classname="Random_TC33_37.RandomTestCases" name="checkingProfileName_TC33" time="0.0">
    <ignored/>
  </testcase> <!-- checkingProfileName_TC33 -->
  <testcase classname="Random_TC33_37.RandomTestCases" name="blockingCalender_TC36" time="0.0">
    <ignored/>
  </testcase> <!-- blockingCalender_TC36 -->
</testsuite> <!-- Default test -->
