<?xml version="1.0" encoding="UTF-8"?>
<!-- Generated by org.testng.reporters.JUnitXMLReporter -->
<testsuite ignored="0" hostname="L-SFH79FJG5J-M" failures="0" tests="5" name="Default test" time="66.896" errors="0" timestamp="2023-02-21T22:21:55 PST">
  <testcase classname="com.tests.SFDCTest" name="loginToSalesforce" time="7.627"/>
  <testcase classname="com.tests.SFDCTest" name="Error_Login" time="0.741"/>
  <testcase classname="com.tests.SFDCTest" name="CheckRememberMe" time="22.994"/>
  <testcase classname="com.tests.SFDCTest" name="ForgotPassword" time="6.251"/>
  <testcase classname="com.tests.SFDCTest" name="ValidateErrorMessage" time="11.063"/>
</testsuite> <!-- Default test -->
