<?xml version="1.0" encoding="UTF-8"?>
<testng-results ignored="0" total="5" passed="5" failed="0" skipped="0">
  <reporter-output>
  </reporter-output>
  <suite started-at="2023-02-21T22:20:48 PST" name="Default suite" finished-at="2023-02-21T22:21:55 PST" duration-ms="66896">
    <groups>
    </groups>
    <test started-at="2023-02-21T22:20:48 PST" name="Default test" finished-at="2023-02-21T22:21:55 PST" duration-ms="66896">
      <class name="com.tests.SFDCTest">
        <test-method is-config="true" signature="setUpBeforeTest()[pri:0, instance:com.tests.SFDCTest@4d465b11]" started-at="2023-02-21T22:20:48 PST" name="setUpBeforeTest" finished-at="2023-02-21T22:20:48 PST" duration-ms="287" status="PASS">
          <reporter-output>
          </reporter-output>
        </test-method> <!-- setUpBeforeTest -->
        <test-method is-config="true" signature="setUpBeforeTestMethod(java.lang.String,java.lang.reflect.Method)[pri:0, instance:com.tests.SFDCTest@4d465b11]" started-at="2023-02-21T22:20:48 PST" name="setUpBeforeTestMethod" finished-at="2023-02-21T22:20:51 PST" duration-ms="3005" status="PASS">
          <params>
            <param index="0">
              <value>
                <![CDATA[chromedriver]]>
              </value>
            </param>
            <param index="1">
              <value>
                <![CDATA[public void com.tests.SFDCTest.loginToSalesforce()]]>
              </value>
            </param>
          </params>
          <reporter-output>
          </reporter-output>
        </test-method> <!-- setUpBeforeTestMethod -->
        <test-method signature="loginToSalesforce()[pri:0, instance:com.tests.SFDCTest@4d465b11]" started-at="2023-02-21T22:20:51 PST" name="loginToSalesforce" finished-at="2023-02-21T22:20:59 PST" duration-ms="7627" status="PASS">
          <reporter-output>
          </reporter-output>
        </test-method> <!-- loginToSalesforce -->
        <test-method is-config="true" signature="teardownAfterTestMethod()[pri:0, instance:com.tests.SFDCTest@4d465b11]" started-at="2023-02-21T22:20:59 PST" name="teardownAfterTestMethod" finished-at="2023-02-21T22:20:59 PST" duration-ms="163" status="PASS">
          <reporter-output>
          </reporter-output>
        </test-method> <!-- teardownAfterTestMethod -->
        <test-method is-config="true" signature="setUpBeforeTestMethod(java.lang.String,java.lang.reflect.Method)[pri:0, instance:com.tests.SFDCTest@4d465b11]" started-at="2023-02-21T22:20:59 PST" name="setUpBeforeTestMethod" finished-at="2023-02-21T22:21:03 PST" duration-ms="3538" status="PASS">
          <params>
            <param index="0">
              <value>
                <![CDATA[chromedriver]]>
              </value>
            </param>
            <param index="1">
              <value>
                <![CDATA[public void com.tests.SFDCTest.Error_Login()]]>
              </value>
            </param>
          </params>
          <reporter-output>
          </reporter-output>
        </test-method> <!-- setUpBeforeTestMethod -->
        <test-method signature="Error_Login()[pri:1, instance:com.tests.SFDCTest@4d465b11]" started-at="2023-02-21T22:21:03 PST" name="Error_Login" finished-at="2023-02-21T22:21:03 PST" duration-ms="741" status="PASS">
          <reporter-output>
          </reporter-output>
        </test-method> <!-- Error_Login -->
        <test-method is-config="true" signature="teardownAfterTestMethod()[pri:0, instance:com.tests.SFDCTest@4d465b11]" started-at="2023-02-21T22:21:03 PST" name="teardownAfterTestMethod" finished-at="2023-02-21T22:21:03 PST" duration-ms="89" status="PASS">
          <reporter-output>
          </reporter-output>
        </test-method> <!-- teardownAfterTestMethod -->
        <test-method is-config="true" signature="setUpBeforeTestMethod(java.lang.String,java.lang.reflect.Method)[pri:0, instance:com.tests.SFDCTest@4d465b11]" started-at="2023-02-21T22:21:03 PST" name="setUpBeforeTestMethod" finished-at="2023-02-21T22:21:06 PST" duration-ms="2785" status="PASS">
          <params>
            <param index="0">
              <value>
                <![CDATA[chromedriver]]>
              </value>
            </param>
            <param index="1">
              <value>
                <![CDATA[public void com.tests.SFDCTest.CheckRememberMe() throws java.lang.InterruptedException]]>
              </value>
            </param>
          </params>
          <reporter-output>
          </reporter-output>
        </test-method> <!-- setUpBeforeTestMethod -->
        <test-method signature="CheckRememberMe()[pri:2, instance:com.tests.SFDCTest@4d465b11]" started-at="2023-02-21T22:21:06 PST" name="CheckRememberMe" finished-at="2023-02-21T22:21:29 PST" duration-ms="22994" status="PASS">
          <reporter-output>
          </reporter-output>
        </test-method> <!-- CheckRememberMe -->
        <test-method is-config="true" signature="teardownAfterTestMethod()[pri:0, instance:com.tests.SFDCTest@4d465b11]" started-at="2023-02-21T22:21:29 PST" name="teardownAfterTestMethod" finished-at="2023-02-21T22:21:29 PST" duration-ms="162" status="PASS">
          <reporter-output>
          </reporter-output>
        </test-method> <!-- teardownAfterTestMethod -->
        <test-method is-config="true" signature="setUpBeforeTestMethod(java.lang.String,java.lang.reflect.Method)[pri:0, instance:com.tests.SFDCTest@4d465b11]" started-at="2023-02-21T22:21:29 PST" name="setUpBeforeTestMethod" finished-at="2023-02-21T22:21:34 PST" duration-ms="4312" status="PASS">
          <params>
            <param index="0">
              <value>
                <![CDATA[chromedriver]]>
              </value>
            </param>
            <param index="1">
              <value>
                <![CDATA[public void com.tests.SFDCTest.ForgotPassword() throws java.lang.InterruptedException]]>
              </value>
            </param>
          </params>
          <reporter-output>
          </reporter-output>
        </test-method> <!-- setUpBeforeTestMethod -->
        <test-method signature="ForgotPassword()[pri:3, instance:com.tests.SFDCTest@4d465b11]" started-at="2023-02-21T22:21:34 PST" name="ForgotPassword" finished-at="2023-02-21T22:21:40 PST" duration-ms="6251" status="PASS">
          <reporter-output>
          </reporter-output>
        </test-method> <!-- ForgotPassword -->
        <test-method is-config="true" signature="teardownAfterTestMethod()[pri:0, instance:com.tests.SFDCTest@4d465b11]" started-at="2023-02-21T22:21:40 PST" name="teardownAfterTestMethod" finished-at="2023-02-21T22:21:40 PST" duration-ms="86" status="PASS">
          <reporter-output>
          </reporter-output>
        </test-method> <!-- teardownAfterTestMethod -->
        <test-method is-config="true" signature="setUpBeforeTestMethod(java.lang.String,java.lang.reflect.Method)[pri:0, instance:com.tests.SFDCTest@4d465b11]" started-at="2023-02-21T22:21:40 PST" name="setUpBeforeTestMethod" finished-at="2023-02-21T22:21:44 PST" duration-ms="3435" status="PASS">
          <params>
            <param index="0">
              <value>
                <![CDATA[chromedriver]]>
              </value>
            </param>
            <param index="1">
              <value>
                <![CDATA[public void com.tests.SFDCTest.ValidateErrorMessage()]]>
              </value>
            </param>
          </params>
          <reporter-output>
          </reporter-output>
        </test-method> <!-- setUpBeforeTestMethod -->
        <test-method signature="ValidateErrorMessage()[pri:4, instance:com.tests.SFDCTest@4d465b11]" started-at="2023-02-21T22:21:44 PST" name="ValidateErrorMessage" finished-at="2023-02-21T22:21:55 PST" duration-ms="11063" status="PASS">
          <reporter-output>
          </reporter-output>
        </test-method> <!-- ValidateErrorMessage -->
        <test-method is-config="true" signature="teardownAfterTestMethod()[pri:0, instance:com.tests.SFDCTest@4d465b11]" started-at="2023-02-21T22:21:55 PST" name="teardownAfterTestMethod" finished-at="2023-02-21T22:21:55 PST" duration-ms="116" status="PASS">
          <reporter-output>
          </reporter-output>
        </test-method> <!-- teardownAfterTestMethod -->
      </class> <!-- com.tests.SFDCTest -->
    </test> <!-- Default test -->
  </suite> <!-- Default suite -->
</testng-results>
