<?xml version="1.0" encoding="UTF-8"?>
<!-- Generated by org.testng.reporters.JUnitXMLReporter -->
<testsuite ignored="0" hostname="L-SFH79FJG5J-M" failures="0" tests="5" name="Default test" time="40.805" errors="0" timestamp="2023-02-22T19:04:12 PST">
  <testcase classname="SFDCLogin_TC1_4.Login" name="error_LoginTC_1" time="0.608"/>
  <testcase classname="SFDCLogin_TC1_4.Login" name="loginSF_TC_2" time="9.512"/>
  <testcase classname="SFDCLogin_TC1_4.Login" name="forgot_Password_TC_4A" time="1.266"/>
  <testcase classname="SFDCLogin_TC1_4.Login" name="checkRememberMe_TC_3" time="12.162"/>
  <testcase classname="SFDCLogin_TC1_4.Login" name="login_error_msg_TC_4B" time="0.82"/>
</testsuite> <!-- Default test -->
